2013-12-10 23:36:13.496 NGA[3446:80b] Multi-tasking -> Device: YES, App: YES
2013-12-10 23:36:13.509 NGA[3446:80b] Unlimited access to network resources
2013-12-10 23:36:13.782 NGA[3446:80b] Resetting plugins due to page load.
2013-12-10 23:36:14.005 NGA[3446:80b] Finished load of: file:///Users/yelo/Library/Application%20Support/iPhone%20Simulator/7.0.3/Applications/7BA803C2-49DA-4F5F-BE9E-99CF48379C1E/NGA.app/www/index.html
2013-12-10 23:36:25.637 NGA[3446:80b] Resetting plugins due to page load.
2013-12-10 23:36:25.695 NGA[3446:80b] Finished load of: file:///Users/yelo/Library/Application%20Support/iPhone%20Simulator/7.0.3/Applications/7BA803C2-49DA-4F5F-BE9E-99CF48379C1E/NGA.app/www/index.html#!/login
2013-12-10 23:45:53.596 NGA[4502:80b] Multi-tasking -> Device: YES, App: YES
2013-12-10 23:45:53.606 NGA[4502:80b] Unlimited access to network resources
2013-12-10 23:45:53.694 NGA[4502:80b] Resetting plugins due to page load.
2013-12-10 23:45:53.880 NGA[4502:80b] Finished load of: file:///Users/yelo/Library/Application%20Support/iPhone%20Simulator/7.0.3/Applications/7BA803C2-49DA-4F5F-BE9E-99CF48379C1E/NGA.app/www/index.html
Dec 10 23:46:20 bogon NGA[4502] <Error>: CGContextSetFillColorWithColor: invalid context 0x0. This is a serious error. This application, or a library it uses, is using an invalid context  and is thereby contributing to an overall degradation of system stability and reliability. This notice is a courtesy: please fix this problem. It will become a fatal error in an upcoming update.
Dec 10 23:46:20 bogon NGA[4502] <Error>: CGContextSetStrokeColorWithColor: invalid context 0x0. This is a serious error. This application, or a library it uses, is using an invalid context  and is thereby contributing to an overall degradation of system stability and reliability. This notice is a courtesy: please fix this problem. It will become a fatal error in an upcoming update.
Dec 10 23:46:20 bogon NGA[4502] <Error>: CGContextSaveGState: invalid context 0x0. This is a serious error. This application, or a library it uses, is using an invalid context  and is thereby contributing to an overall degradation of system stability and reliability. This notice is a courtesy: please fix this problem. It will become a fatal error in an upcoming update.
Dec 10 23:46:20 bogon NGA[4502] <Error>: CGContextSetFlatness: invalid context 0x0. This is a serious error. This application, or a library it uses, is using an invalid context  and is thereby contributing to an overall degradation of system stability and reliability. This notice is a courtesy: please fix this problem. It will become a fatal error in an upcoming update.
Dec 10 23:46:20 bogon NGA[4502] <Error>: CGContextAddPath: invalid context 0x0. This is a serious error. This application, or a library it uses, is using an invalid context  and is thereby contributing to an overall degradation of system stability and reliability. This notice is a courtesy: please fix this problem. It will become a fatal error in an upcoming update.
Dec 10 23:46:20 bogon NGA[4502] <Error>: CGContextDrawPath: invalid context 0x0. This is a serious error. This application, or a library it uses, is using an invalid context  and is thereby contributing to an overall degradation of system stability and reliability. This notice is a courtesy: please fix this problem. It will become a fatal error in an upcoming update.
Dec 10 23:46:20 bogon NGA[4502] <Error>: CGContextRestoreGState: invalid context 0x0. This is a serious error. This application, or a library it uses, is using an invalid context  and is thereby contributing to an overall degradation of system stability and reliability. This notice is a courtesy: please fix this problem. It will become a fatal error in an upcoming update.
Dec 10 23:46:20 bogon NGA[4502] <Error>: CGContextSaveGState: invalid context 0x0. This is a serious error. This application, or a library it uses, is using an invalid context  and is thereby contributing to an overall degradation of system stability and reliability. This notice is a courtesy: please fix this problem. It will become a fatal error in an upcoming update.
Dec 10 23:46:20 bogon NGA[4502] <Error>: CGContextSetFlatness: invalid context 0x0. This is a serious error. This application, or a library it uses, is using an invalid context  and is thereby contributing to an overall degradation of system stability and reliability. This notice is a courtesy: please fix this problem. It will become a fatal error in an upcoming update.
Dec 10 23:46:20 bogon NGA[4502] <Error>: CGContextAddPath: invalid context 0x0. This is a serious error. This application, or a library it uses, is using an invalid context  and is thereby contributing to an overall degradation of system stability and reliability. This notice is a courtesy: please fix this problem. It will become a fatal error in an upcoming update.
Dec 10 23:46:20 bogon NGA[4502] <Error>: CGContextDrawPath: invalid context 0x0. This is a serious error. This application, or a library it uses, is using an invalid context  and is thereby contributing to an overall degradation of system stability and reliability. This notice is a courtesy: please fix this problem. It will become a fatal error in an upcoming update.
Dec 10 23:46:20 bogon NGA[4502] <Error>: CGContextRestoreGState: invalid context 0x0. This is a serious error. This application, or a library it uses, is using an invalid context  and is thereby contributing to an overall degradation of system stability and reliability. This notice is a courtesy: please fix this problem. It will become a fatal error in an upcoming update.
Dec 10 23:46:20 bogon NGA[4502] <Error>: CGContextSetFillColorWithColor: invalid context 0x0. This is a serious error. This application, or a library it uses, is using an invalid context  and is thereby contributing to an overall degradation of system stability and reliability. This notice is a courtesy: please fix this problem. It will become a fatal error in an upcoming update.
Dec 10 23:46:20 bogon NGA[4502] <Error>: CGContextSetStrokeColorWithColor: invalid context 0x0. This is a serious error. This application, or a library it uses, is using an invalid context  and is thereby contributing to an overall degradation of system stability and reliability. This notice is a courtesy: please fix this problem. It will become a fatal error in an upcoming update.
Dec 10 23:46:20 bogon NGA[4502] <Error>: CGContextSetFillColorWithColor: invalid context 0x0. This is a serious error. This application, or a library it uses, is using an invalid context  and is thereby contributing to an overall degradation of system stability and reliability. This notice is a courtesy: please fix this problem. It will become a fatal error in an upcoming update.
Dec 10 23:46:20 bogon NGA[4502] <Error>: CGContextSetStrokeColorWithColor: invalid context 0x0. This is a serious error. This application, or a library it uses, is using an invalid context  and is thereby contributing to an overall degradation of system stability and reliability. This notice is a courtesy: please fix this problem. It will become a fatal error in an upcoming update.
Dec 10 23:46:20 bogon NGA[4502] <Error>: CGContextGetBlendMode: invalid context 0x0. This is a serious error. This application, or a library it uses, is using an invalid context  and is thereby contributing to an overall degradation of system stability and reliability. This notice is a courtesy: please fix this problem. It will become a fatal error in an upcoming update.
Dec 10 23:46:20 bogon NGA[4502] <Error>: CGContextSetBlendMode: invalid context 0x0. This is a serious error. This application, or a library it uses, is using an invalid context  and is thereby contributing to an overall degradation of system stability and reliability. This notice is a courtesy: please fix this problem. It will become a fatal error in an upcoming update.
Dec 10 23:46:20 bogon NGA[4502] <Error>: CGContextFillRects: invalid context 0x0. This is a serious error. This application, or a library it uses, is using an invalid context  and is thereby contributing to an overall degradation of system stability and reliability. This notice is a courtesy: please fix this problem. It will become a fatal error in an upcoming update.
Dec 10 23:46:20 bogon NGA[4502] <Error>: CGContextSetBlendMode: invalid context 0x0. This is a serious error. This application, or a library it uses, is using an invalid context  and is thereby contributing to an overall degradation of system stability and reliability. This notice is a courtesy: please fix this problem. It will become a fatal error in an upcoming update.
Dec 10 23:46:20 bogon NGA[4502] <Error>: CGContextSetFillColorWithColor: invalid context 0x0. This is a serious error. This application, or a library it uses, is using an invalid context  and is thereby contributing to an overall degradation of system stability and reliability. This notice is a courtesy: please fix this problem. It will become a fatal error in an upcoming update.
Dec 10 23:46:20 bogon NGA[4502] <Error>: CGContextSetStrokeColorWithColor: invalid context 0x0. This is a serious error. This application, or a library it uses, is using an invalid context  and is thereby contributing to an overall degradation of system stability and reliability. This notice is a courtesy: please fix this problem. It will become a fatal error in an upcoming update.
Dec 10 23:46:20 bogon NGA[4502] <Error>: CGContextGetBlendMode: invalid context 0x0. This is a serious error. This application, or a library it uses, is using an invalid context  and is thereby contributing to an overall degradation of system stability and reliability. This notice is a courtesy: please fix this problem. It will become a fatal error in an upcoming update.
Dec 10 23:46:20 bogon NGA[4502] <Error>: CGContextSetBlendMode: invalid context 0x0. This is a serious error. This application, or a library it uses, is using an invalid context  and is thereby contributing to an overall degradation of system stability and reliability. This notice is a courtesy: please fix this problem. It will become a fatal error in an upcoming update.
Dec 10 23:46:20 bogon NGA[4502] <Error>: CGContextFillRects: invalid context 0x0. This is a serious error. This application, or a library it uses, is using an invalid context  and is thereby contributing to an overall degradation of system stability and reliability. This notice is a courtesy: please fix this problem. It will become a fatal error in an upcoming update.
Dec 10 23:46:20 bogon NGA[4502] <Error>: CGContextSetBlendMode: invalid context 0x0. This is a serious error. This application, or a library it uses, is using an invalid context  and is thereby contributing to an overall degradation of system stability and reliability. This notice is a courtesy: please fix this problem. It will become a fatal error in an upcoming update.
Dec 10 23:46:20 bogon NGA[4502] <Error>: CGContextSetFillColorWithColor: invalid context 0x0. This is a serious error. This application, or a library it uses, is using an invalid context  and is thereby contributing to an overall degradation of system stability and reliability. This notice is a courtesy: please fix this problem. It will become a fatal error in an upcoming update.
Dec 10 23:46:20 bogon NGA[4502] <Error>: CGContextSetStrokeColorWithColor: invalid context 0x0. This is a serious error. This application, or a library it uses, is using an invalid context  and is thereby contributing to an overall degradation of system stability and reliability. This notice is a courtesy: please fix this problem. It will become a fatal error in an upcoming update.
Dec 10 23:46:20 bogon NGA[4502] <Error>: CGContextGetBlendMode: invalid context 0x0. This is a serious error. This application, or a library it uses, is using an invalid context  and is thereby contributing to an overall degradation of system stability and reliability. This notice is a courtesy: please fix this problem. It will become a fatal error in an upcoming update.
Dec 10 23:46:20 bogon NGA[4502] <Error>: CGContextSetBlendMode: invalid context 0x0. This is a serious error. This application, or a library it uses, is using an invalid context  and is thereby contributing to an overall degradation of system stability and reliability. This notice is a courtesy: please fix this problem. It will become a fatal error in an upcoming update.
Dec 10 23:46:20 bogon NGA[4502] <Error>: CGContextFillRects: invalid context 0x0. This is a serious error. This application, or a library it uses, is using an invalid context  and is thereby contributing to an overall degradation of system stability and reliability. This notice is a courtesy: please fix this problem. It will become a fatal error in an upcoming update.
Dec 10 23:46:20 bogon NGA[4502] <Error>: CGContextSetBlendMode: invalid context 0x0. This is a serious error. This application, or a library it uses, is using an invalid context  and is thereby contributing to an overall degradation of system stability and reliability. This notice is a courtesy: please fix this problem. It will become a fatal error in an upcoming update.
2013-12-10 23:46:42.653 NGA[4502:80b] Resetting plugins due to page load.
2013-12-10 23:46:42.688 NGA[4502:80b] Finished load of: file:///Users/yelo/Library/Application%20Support/iPhone%20Simulator/7.0.3/Applications/7BA803C2-49DA-4F5F-BE9E-99CF48379C1E/NGA.app/www/index.html#!/search/%1A
2013-12-10 23:47:21.357 NGA[5038:80b] Multi-tasking -> Device: YES, App: YES
2013-12-10 23:47:21.370 NGA[5038:80b] Unlimited access to network resources
2013-12-10 23:47:21.578 NGA[5038:80b] Resetting plugins due to page load.
2013-12-10 23:47:21.705 NGA[5038:80b] Finished load of: file:///Users/yelo/Library/Application%20Support/iPhone%20Simulator/7.0.3/Applications/7BA803C2-49DA-4F5F-BE9E-99CF48379C1E/NGA.app/www/index.html
